2025-09-20 08:19:56.521  - [32minfo[39m: nut.0 (3659) starting. Version 1.6.0 in /home/runner/work/ioBroker.nut/ioBroker.nut/tmp/node_modules/iobroker.nut, node: v20.19.5, js-controller: 7.0.8-alpha.5-20250913-8ad7f66ce
2025-09-20 08:19:56.531  - [34mdebug[39m: nut.0 (3659) Create Channel status
2025-09-20 08:19:56.542  - [34mdebug[39m: nut.0 (3659) connected set to false
2025-09-20 08:19:56.625  - [34mdebug[39m: nut.0 (3659) Create State status.online
2025-09-20 08:19:56.626  - [34mdebug[39m: nut.0 (3659) Set State status.online = false
2025-09-20 08:19:56.628  - [34mdebug[39m: nut.0 (3659) Create State status.onbattery
2025-09-20 08:19:56.630  - [34mdebug[39m: nut.0 (3659) Set State status.onbattery = false
2025-09-20 08:19:56.632  - [34mdebug[39m: nut.0 (3659) Create State status.lowbattery
2025-09-20 08:19:56.633  - [34mdebug[39m: nut.0 (3659) Set State status.lowbattery = false
2025-09-20 08:19:56.635  - [34mdebug[39m: nut.0 (3659) Create State status.highbattery
2025-09-20 08:19:56.637  - [34mdebug[39m: nut.0 (3659) Set State status.highbattery = false
2025-09-20 08:19:56.639  - [34mdebug[39m: nut.0 (3659) Create State status.replacebattery
2025-09-20 08:19:56.641  - [34mdebug[39m: nut.0 (3659) Set State status.replacebattery = false
2025-09-20 08:19:56.642  - [34mdebug[39m: nut.0 (3659) Create State status.charging
2025-09-20 08:19:56.648  - [34mdebug[39m: nut.0 (3659) Set State status.charging = false
2025-09-20 08:19:56.650  - [34mdebug[39m: nut.0 (3659) Create State status.discharging
2025-09-20 08:19:56.652  - [34mdebug[39m: nut.0 (3659) Set State status.discharging = false
2025-09-20 08:19:56.654  - [34mdebug[39m: nut.0 (3659) Create State status.bypass
2025-09-20 08:19:56.655  - [34mdebug[39m: nut.0 (3659) Set State status.bypass = false
2025-09-20 08:19:56.657  - [34mdebug[39m: nut.0 (3659) Create State status.calibration
2025-09-20 08:19:56.659  - [34mdebug[39m: nut.0 (3659) Set State status.calibration = false
2025-09-20 08:19:56.661  - [34mdebug[39m: nut.0 (3659) Create State status.offline
2025-09-20 08:19:56.662  - [34mdebug[39m: nut.0 (3659) Set State status.offline = false
2025-09-20 08:19:56.664  - [34mdebug[39m: nut.0 (3659) Create State status.overload
2025-09-20 08:19:56.666  - [34mdebug[39m: nut.0 (3659) Set State status.overload = false
2025-09-20 08:19:56.667  - [34mdebug[39m: nut.0 (3659) Create State status.trimming
2025-09-20 08:19:56.669  - [34mdebug[39m: nut.0 (3659) Set State status.trimming = false
2025-09-20 08:19:56.671  - [34mdebug[39m: nut.0 (3659) Create State status.boosting
2025-09-20 08:19:56.672  - [34mdebug[39m: nut.0 (3659) Set State status.boosting = false
2025-09-20 08:19:56.674  - [34mdebug[39m: nut.0 (3659) Create State status.shutdown
2025-09-20 08:19:56.675  - [34mdebug[39m: nut.0 (3659) Set State status.shutdown = false
2025-09-20 08:19:56.677  - [34mdebug[39m: nut.0 (3659) Set State status.severity = 4
2025-09-20 08:19:56.684  - [31merror[39m: nut.0 (3659) Error happened: Error: connect ECONNREFUSED 127.0.0.1:3493
2025-09-20 08:19:56.684  - [34mdebug[39m: nut.0 (3659) NUT Connection closed. Done.
2025-09-20 08:19:56.685  - [34mdebug[39m: nut.0 (3659) Create State status.online
2025-09-20 08:19:56.685  - [34mdebug[39m: nut.0 (3659) Set State status.online = false
2025-09-20 08:19:56.685  - [31merror[39m: nut.0 (3659) USV not available - Delay initialization
2025-09-20 08:19:56.728  - [34mdebug[39m: nut.0 (3659) Create State status.onbattery
2025-09-20 08:19:56.729  - [34mdebug[39m: nut.0 (3659) Set State status.onbattery = false
2025-09-20 08:19:56.730  - [34mdebug[39m: nut.0 (3659) Create State status.lowbattery
2025-09-20 08:19:56.731  - [34mdebug[39m: nut.0 (3659) Set State status.lowbattery = false
2025-09-20 08:19:56.732  - [34mdebug[39m: nut.0 (3659) Create State status.highbattery
2025-09-20 08:19:56.732  - [34mdebug[39m: nut.0 (3659) Set State status.highbattery = false
2025-09-20 08:19:56.734  - [34mdebug[39m: nut.0 (3659) Create State status.replacebattery
2025-09-20 08:19:56.734  - [34mdebug[39m: nut.0 (3659) Set State status.replacebattery = false
2025-09-20 08:19:56.736  - [34mdebug[39m: nut.0 (3659) Create State status.charging
2025-09-20 08:19:56.736  - [34mdebug[39m: nut.0 (3659) Set State status.charging = false
2025-09-20 08:19:56.738  - [34mdebug[39m: nut.0 (3659) Create State status.discharging
2025-09-20 08:19:56.738  - [34mdebug[39m: nut.0 (3659) Set State status.discharging = false
2025-09-20 08:19:56.740  - [34mdebug[39m: nut.0 (3659) Create State status.bypass
2025-09-20 08:19:56.740  - [34mdebug[39m: nut.0 (3659) Set State status.bypass = false
2025-09-20 08:19:56.742  - [34mdebug[39m: nut.0 (3659) Create State status.calibration
2025-09-20 08:19:56.742  - [34mdebug[39m: nut.0 (3659) Set State status.calibration = false
2025-09-20 08:19:56.743  - [34mdebug[39m: nut.0 (3659) Create State status.offline
2025-09-20 08:19:56.744  - [34mdebug[39m: nut.0 (3659) Set State status.offline = false
2025-09-20 08:19:56.745  - [34mdebug[39m: nut.0 (3659) Create State status.overload
2025-09-20 08:19:56.745  - [34mdebug[39m: nut.0 (3659) Set State status.overload = false
2025-09-20 08:19:56.747  - [34mdebug[39m: nut.0 (3659) Create State status.trimming
2025-09-20 08:19:56.747  - [34mdebug[39m: nut.0 (3659) Set State status.trimming = false
2025-09-20 08:19:56.749  - [34mdebug[39m: nut.0 (3659) Create State status.boosting
2025-09-20 08:19:56.749  - [34mdebug[39m: nut.0 (3659) Set State status.boosting = false
2025-09-20 08:19:56.751  - [34mdebug[39m: nut.0 (3659) Create State status.shutdown
2025-09-20 08:19:56.751  - [34mdebug[39m: nut.0 (3659) Set State status.shutdown = false
2025-09-20 08:19:56.753  - [34mdebug[39m: nut.0 (3659) Set State status.severity = 4
2025-09-20 08:20:09.537  - [32minfo[39m: nut.0 (3659) Message received = {"command":"notify","message":{"notifytype":"COMMBAD","upsname":"nutName@127.0.0.1"},"from":"system.adapter.test.0","callback":{"message":{"notifytype":"COMMBAD","upsname":"nutName@127.0.0.1"},"id":1,"ack":false,"time":1758356409535},"_id":3606556}
2025-09-20 08:20:09.537  - [32minfo[39m: nut.0 (3659) got Notify COMMBAD for: nutName@127.0.0.1
2025-09-20 08:20:09.537  - [32minfo[39m: nut.0 (3659) ownName=nutName@127.0.0.1 --> true
2025-09-20 08:20:09.538  - [34mdebug[39m: nut.0 (3659) Create State status.online
2025-09-20 08:20:09.538  - [34mdebug[39m: nut.0 (3659) Set State status.online = false
2025-09-20 08:20:09.538  - [34mdebug[39m: nut.0 (3659) Start NUT update
2025-09-20 08:20:09.539  - [31merror[39m: nut.0 (3659) Error happened: Error: connect ECONNREFUSED 127.0.0.1:3493
2025-09-20 08:20:09.539  - [34mdebug[39m: nut.0 (3659) NUT Connection closed. Done.
2025-09-20 08:20:09.541  - [34mdebug[39m: nut.0 (3659) Create State status.online
2025-09-20 08:20:09.541  - [34mdebug[39m: nut.0 (3659) Set State status.online = false
2025-09-20 08:20:09.544  - [34mdebug[39m: nut.0 (3659) Create State status.onbattery
2025-09-20 08:20:09.544  - [34mdebug[39m: nut.0 (3659) Set State status.onbattery = false
2025-09-20 08:20:09.586  - [34mdebug[39m: nut.0 (3659) Create State status.onbattery
2025-09-20 08:20:09.586  - [34mdebug[39m: nut.0 (3659) Set State status.onbattery = false
2025-09-20 08:20:09.587  - [34mdebug[39m: nut.0 (3659) Create State status.lowbattery
2025-09-20 08:20:09.588  - [34mdebug[39m: nut.0 (3659) Set State status.lowbattery = false
2025-09-20 08:20:09.589  - [34mdebug[39m: nut.0 (3659) Create State status.lowbattery
2025-09-20 08:20:09.590  - [34mdebug[39m: nut.0 (3659) Set State status.lowbattery = false
2025-09-20 08:20:09.591  - [34mdebug[39m: nut.0 (3659) Create State status.highbattery
2025-09-20 08:20:09.591  - [34mdebug[39m: nut.0 (3659) Set State status.highbattery = false
2025-09-20 08:20:09.592  - [34mdebug[39m: nut.0 (3659) Create State status.highbattery
2025-09-20 08:20:09.593  - [34mdebug[39m: nut.0 (3659) Set State status.highbattery = false
2025-09-20 08:20:09.594  - [34mdebug[39m: nut.0 (3659) Create State status.replacebattery
2025-09-20 08:20:09.594  - [34mdebug[39m: nut.0 (3659) Set State status.replacebattery = false
2025-09-20 08:20:09.596  - [34mdebug[39m: nut.0 (3659) Create State status.replacebattery
2025-09-20 08:20:09.596  - [34mdebug[39m: nut.0 (3659) Set State status.replacebattery = false
2025-09-20 08:20:09.597  - [34mdebug[39m: nut.0 (3659) Create State status.charging
2025-09-20 08:20:09.597  - [34mdebug[39m: nut.0 (3659) Set State status.charging = false
2025-09-20 08:20:09.599  - [34mdebug[39m: nut.0 (3659) Create State status.charging
2025-09-20 08:20:09.599  - [34mdebug[39m: nut.0 (3659) Set State status.charging = false
2025-09-20 08:20:09.600  - [34mdebug[39m: nut.0 (3659) Create State status.discharging
2025-09-20 08:20:09.600  - [34mdebug[39m: nut.0 (3659) Set State status.discharging = false
2025-09-20 08:20:09.602  - [34mdebug[39m: nut.0 (3659) Create State status.discharging
2025-09-20 08:20:09.602  - [34mdebug[39m: nut.0 (3659) Set State status.discharging = false
2025-09-20 08:20:09.603  - [34mdebug[39m: nut.0 (3659) Create State status.bypass
2025-09-20 08:20:09.603  - [34mdebug[39m: nut.0 (3659) Set State status.bypass = false
2025-09-20 08:20:09.605  - [34mdebug[39m: nut.0 (3659) Create State status.bypass
2025-09-20 08:20:09.605  - [34mdebug[39m: nut.0 (3659) Set State status.bypass = false
2025-09-20 08:20:09.606  - [34mdebug[39m: nut.0 (3659) Create State status.calibration
2025-09-20 08:20:09.606  - [34mdebug[39m: nut.0 (3659) Set State status.calibration = false
2025-09-20 08:20:09.608  - [34mdebug[39m: nut.0 (3659) Create State status.calibration
2025-09-20 08:20:09.608  - [34mdebug[39m: nut.0 (3659) Set State status.calibration = false
2025-09-20 08:20:09.609  - [34mdebug[39m: nut.0 (3659) Create State status.offline
2025-09-20 08:20:09.609  - [34mdebug[39m: nut.0 (3659) Set State status.offline = true
2025-09-20 08:20:09.611  - [34mdebug[39m: nut.0 (3659) Create State status.offline
2025-09-20 08:20:09.611  - [34mdebug[39m: nut.0 (3659) Set State status.offline = false
2025-09-20 08:20:09.612  - [34mdebug[39m: nut.0 (3659) Severity Flag action_needed=true
2025-09-20 08:20:09.612  - [34mdebug[39m: nut.0 (3659) Create State status.overload
2025-09-20 08:20:09.612  - [34mdebug[39m: nut.0 (3659) Set State status.overload = false
2025-09-20 08:20:09.614  - [34mdebug[39m: nut.0 (3659) Create State status.overload
2025-09-20 08:20:09.614  - [34mdebug[39m: nut.0 (3659) Set State status.overload = false
2025-09-20 08:20:09.615  - [34mdebug[39m: nut.0 (3659) Create State status.trimming
2025-09-20 08:20:09.616  - [34mdebug[39m: nut.0 (3659) Set State status.trimming = false
2025-09-20 08:20:09.617  - [34mdebug[39m: nut.0 (3659) Create State status.trimming
2025-09-20 08:20:09.618  - [34mdebug[39m: nut.0 (3659) Set State status.trimming = false
2025-09-20 08:20:09.619  - [34mdebug[39m: nut.0 (3659) Create State status.boosting
2025-09-20 08:20:09.619  - [34mdebug[39m: nut.0 (3659) Set State status.boosting = false
2025-09-20 08:20:09.620  - [34mdebug[39m: nut.0 (3659) Create State status.boosting
2025-09-20 08:20:09.620  - [34mdebug[39m: nut.0 (3659) Set State status.boosting = false
2025-09-20 08:20:09.622  - [34mdebug[39m: nut.0 (3659) Create State status.shutdown
2025-09-20 08:20:09.622  - [34mdebug[39m: nut.0 (3659) Set State status.shutdown = false
2025-09-20 08:20:09.624  - [34mdebug[39m: nut.0 (3659) Create State status.shutdown
2025-09-20 08:20:09.624  - [34mdebug[39m: nut.0 (3659) Set State status.shutdown = false
2025-09-20 08:20:09.625  - [34mdebug[39m: nut.0 (3659) Set State status.severity = 3
2025-09-20 08:20:09.627  - [34mdebug[39m: nut.0 (3659) Set State status.severity = 4
2025-09-20 08:20:09.630  - [32minfo[39m: nut.0 (3659) terminating
2025-09-20 08:20:09.631  - [34mdebug[39m: nut.0 (3659) Plugin sentry destroyed
2025-09-20 08:20:09.631  - [32minfo[39m: nut.0 (3659) Terminated (NO_ERROR): Without reason
2025-09-20 08:20:10.130  - [32minfo[39m: nut.0 (3659) terminating
